app/build/intermediates/manifest_merge_blame_file/debug/manifest-merger-blame-debug-report.txt
1<?xml version="1.0" encoding="utf-8"?>
2<manifest xmlns:android="http://schemas.android.com/apk/res/android"
3    package="com.simplemobiletools.contacts.pro.debug"
4    android:installLocation="auto"
5    android:versionCode="54"
6    android:versionName="6.5.1" >
7
8    <uses-sdk
9        android:minSdkVersion="21"
9-->src\main\AndroidManifest.xml
10        android:targetSdkVersion="28" />
10-->src\main\AndroidManifest.xml
11
12    <uses-permission android:name="android.permission.CALL_PHONE" />
12-->src\main\AndroidManifest.xml:8:5-68
12-->src\main\AndroidManifest.xml:8:22-66
13    <uses-permission android:name="android.permission.READ_PHONE_STATE" />
13-->src\main\AndroidManifest.xml:9:5-74
13-->src\main\AndroidManifest.xml:9:22-72
14    <uses-permission android:name="android.permission.READ_CONTACTS" />
14-->src\main\AndroidManifest.xml:10:5-71
14-->src\main\AndroidManifest.xml:10:22-69
15    <uses-permission android:name="android.permission.WRITE_CONTACTS" />
15-->src\main\AndroidManifest.xml:11:5-72
15-->src\main\AndroidManifest.xml:11:22-70
16    <uses-permission android:name="android.permission.WRITE_EXTERNAL_STORAGE" />
16-->src\main\AndroidManifest.xml:12:5-80
16-->src\main\AndroidManifest.xml:12:22-78
17    <uses-permission android:name="android.permission.GET_ACCOUNTS" />
17-->src\main\AndroidManifest.xml:13:5-70
17-->src\main\AndroidManifest.xml:13:22-68
18    <uses-permission android:name="android.permission.READ_SYNC_SETTINGS" />
18-->src\main\AndroidManifest.xml:14:5-76
18-->src\main\AndroidManifest.xml:14:22-74
19    <uses-permission android:name="android.permission.WAKE_LOCK" />
19-->src\main\AndroidManifest.xml:15:5-67
19-->src\main\AndroidManifest.xml:15:22-65
20    <uses-permission android:name="android.permission.ANSWER_PHONE_CALLS" />
20-->src\main\AndroidManifest.xml:16:5-76
20-->src\main\AndroidManifest.xml:16:22-74
21    <uses-permission android:name="android.permission.FOREGROUND_SERVICE" />
21-->src\main\AndroidManifest.xml:17:5-76
21-->src\main\AndroidManifest.xml:17:22-74
22    <uses-permission android:name="android.permission.MANAGE_OWN_CALLS" />
22-->src\main\AndroidManifest.xml:18:5-74
22-->src\main\AndroidManifest.xml:18:22-72
23
24    <uses-feature
24-->src\main\AndroidManifest.xml:20:5-22:35
25        android:name="android.hardware.telephony"
25-->src\main\AndroidManifest.xml:21:9-50
26        android:required="false" />
26-->src\main\AndroidManifest.xml:22:9-33
27    <uses-feature
27-->[com.simplemobiletools:commons:5.20.6] AndroidManifest.xml:11:5-13:36
28        android:name="android.hardware.faketouch"
28-->[com.simplemobiletools:commons:5.20.6] AndroidManifest.xml:12:9-50
29        android:required="false" />
29-->[com.simplemobiletools:commons:5.20.6] AndroidManifest.xml:13:9-33
30    <uses-feature
30-->[com.simplemobiletools:commons:5.20.6] AndroidManifest.xml:14:5-16:36
31        android:name="android.hardware.screen.portrait"
31-->[com.simplemobiletools:commons:5.20.6] AndroidManifest.xml:15:9-56
32        android:required="false" />
32-->[com.simplemobiletools:commons:5.20.6] AndroidManifest.xml:16:9-33
33
34    <application
34-->src\main\AndroidManifest.xml:28:5-509:19
35        android:name="com.simplemobiletools.contacts.pro.App"
35-->src\main\AndroidManifest.xml:29:9-28
36        android:allowBackup="true"
36-->src\main\AndroidManifest.xml:30:9-35
37        android:appComponentFactory="androidx.core.app.CoreComponentFactory"
37-->[androidx.core:core:1.1.0] AndroidManifest.xml:24:18-86
38        android:debuggable="true"
39        android:icon="@mipmap/ic_launcher"
39-->src\main\AndroidManifest.xml:31:9-43
40        android:label="@string/app_launcher_name"
40-->src\main\AndroidManifest.xml:32:9-50
41        android:roundIcon="@mipmap/ic_launcher"
41-->src\main\AndroidManifest.xml:33:9-48
42        android:supportsRtl="true"
42-->src\main\AndroidManifest.xml:35:9-35
43        android:theme="@style/AppTheme" >
43-->src\main\AndroidManifest.xml:34:9-40
44        <activity
44-->src\main\AndroidManifest.xml:37:9-39:49
45            android:name="com.simplemobiletools.contacts.pro.activities.SplashActivity"
45-->src\main\AndroidManifest.xml:38:13-54
46            android:theme="@style/SplashTheme" />
46-->src\main\AndroidManifest.xml:39:13-47
47
48        <activity-alias
48-->src\main\AndroidManifest.xml:497:9-508:26
49            android:name="com.simplemobiletools.contacts.pro.activities.SplashActivity.Grey_black"
49-->src\main\AndroidManifest.xml:498:13-65
50            android:enabled="false"
50-->src\main\AndroidManifest.xml:499:13-36
51            android:icon="@mipmap/ic_launcher_grey_black"
51-->src\main\AndroidManifest.xml:500:13-58
52            android:roundIcon="@mipmap/ic_launcher_grey_black"
52-->src\main\AndroidManifest.xml:501:13-63
53            android:targetActivity="com.simplemobiletools.contacts.pro.activities.SplashActivity" >
53-->src\main\AndroidManifest.xml:502:13-64
54            <intent-filter>
54-->src\main\AndroidManifest.xml:271:13-274:29
55                <action android:name="android.intent.action.MAIN" />
55-->src\main\AndroidManifest.xml:272:17-68
55-->src\main\AndroidManifest.xml:272:25-66
56
57                <category android:name="android.intent.category.LAUNCHER" />
57-->src\main\AndroidManifest.xml:273:17-76
57-->src\main\AndroidManifest.xml:273:27-74
58            </intent-filter>
59        </activity-alias>
60        <activity-alias
60-->src\main\AndroidManifest.xml:484:9-495:26
61            android:name="com.simplemobiletools.contacts.pro.activities.SplashActivity.Blue_grey"
61-->src\main\AndroidManifest.xml:485:13-64
62            android:enabled="false"
62-->src\main\AndroidManifest.xml:486:13-36
63            android:icon="@mipmap/ic_launcher_blue_grey"
63-->src\main\AndroidManifest.xml:487:13-57
64            android:roundIcon="@mipmap/ic_launcher_blue_grey"
64-->src\main\AndroidManifest.xml:488:13-62
65            android:targetActivity="com.simplemobiletools.contacts.pro.activities.SplashActivity" >
65-->src\main\AndroidManifest.xml:489:13-64
66            <intent-filter>
66-->src\main\AndroidManifest.xml:271:13-274:29
67                <action android:name="android.intent.action.MAIN" />
67-->src\main\AndroidManifest.xml:272:17-68
67-->src\main\AndroidManifest.xml:272:25-66
68
69                <category android:name="android.intent.category.LAUNCHER" />
69-->src\main\AndroidManifest.xml:273:17-76
69-->src\main\AndroidManifest.xml:273:27-74
70            </intent-filter>
71        </activity-alias>
72        <activity-alias
72-->src\main\AndroidManifest.xml:471:9-482:26
73            android:name="com.simplemobiletools.contacts.pro.activities.SplashActivity.Brown"
73-->src\main\AndroidManifest.xml:472:13-60
74            android:enabled="false"
74-->src\main\AndroidManifest.xml:473:13-36
75            android:icon="@mipmap/ic_launcher_brown"
75-->src\main\AndroidManifest.xml:474:13-53
76            android:roundIcon="@mipmap/ic_launcher_brown"
76-->src\main\AndroidManifest.xml:475:13-58
77            android:targetActivity="com.simplemobiletools.contacts.pro.activities.SplashActivity" >
77-->src\main\AndroidManifest.xml:476:13-64
78            <intent-filter>
78-->src\main\AndroidManifest.xml:271:13-274:29
79                <action android:name="android.intent.action.MAIN" />
79-->src\main\AndroidManifest.xml:272:17-68
79-->src\main\AndroidManifest.xml:272:25-66
80
81                <category android:name="android.intent.category.LAUNCHER" />
81-->src\main\AndroidManifest.xml:273:17-76
81-->src\main\AndroidManifest.xml:273:27-74
82            </intent-filter>
83        </activity-alias>
84        <activity-alias
84-->src\main\AndroidManifest.xml:458:9-469:26
85            android:name="com.simplemobiletools.contacts.pro.activities.SplashActivity.Deep_orange"
85-->src\main\AndroidManifest.xml:459:13-66
86            android:enabled="false"
86-->src\main\AndroidManifest.xml:460:13-36
87            android:icon="@mipmap/ic_launcher_deep_orange"
87-->src\main\AndroidManifest.xml:461:13-59
88            android:roundIcon="@mipmap/ic_launcher_deep_orange"
88-->src\main\AndroidManifest.xml:462:13-64
89            android:targetActivity="com.simplemobiletools.contacts.pro.activities.SplashActivity" >
89-->src\main\AndroidManifest.xml:463:13-64
90            <intent-filter>
90-->src\main\AndroidManifest.xml:271:13-274:29
91                <action android:name="android.intent.action.MAIN" />
91-->src\main\AndroidManifest.xml:272:17-68
91-->src\main\AndroidManifest.xml:272:25-66
92
93                <category android:name="android.intent.category.LAUNCHER" />
93-->src\main\AndroidManifest.xml:273:17-76
93-->src\main\AndroidManifest.xml:273:27-74
94            </intent-filter>
95        </activity-alias>
96        <activity-alias
96-->src\main\AndroidManifest.xml:446:9-456:26
97            android:name="com.simplemobiletools.contacts.pro.activities.SplashActivity.Orange"
97-->src\main\AndroidManifest.xml:447:13-61
98            android:enabled="true"
98-->src\main\AndroidManifest.xml:448:13-35
99            android:icon="@mipmap/ic_launcher"
99-->src\main\AndroidManifest.xml:449:13-47
100            android:roundIcon="@mipmap/ic_launcher"
100-->src\main\AndroidManifest.xml:450:13-52
101            android:targetActivity="com.simplemobiletools.contacts.pro.activities.SplashActivity" >
101-->src\main\AndroidManifest.xml:451:13-64
102            <intent-filter>
102-->src\main\AndroidManifest.xml:271:13-274:29
103                <action android:name="android.intent.action.MAIN" />
103-->src\main\AndroidManifest.xml:272:17-68
103-->src\main\AndroidManifest.xml:272:25-66
104
105                <category android:name="android.intent.category.LAUNCHER" />
105-->src\main\AndroidManifest.xml:273:17-76
105-->src\main\AndroidManifest.xml:273:27-74
106            </intent-filter>
107        </activity-alias>
108        <activity-alias
108-->src\main\AndroidManifest.xml:433:9-444:26
109            android:name="com.simplemobiletools.contacts.pro.activities.SplashActivity.Amber"
109-->src\main\AndroidManifest.xml:434:13-60
110            android:enabled="false"
110-->src\main\AndroidManifest.xml:435:13-36
111            android:icon="@mipmap/ic_launcher_amber"
111-->src\main\AndroidManifest.xml:436:13-53
112            android:roundIcon="@mipmap/ic_launcher_amber"
112-->src\main\AndroidManifest.xml:437:13-58
113            android:targetActivity="com.simplemobiletools.contacts.pro.activities.SplashActivity" >
113-->src\main\AndroidManifest.xml:438:13-64
114            <intent-filter>
114-->src\main\AndroidManifest.xml:271:13-274:29
115                <action android:name="android.intent.action.MAIN" />
115-->src\main\AndroidManifest.xml:272:17-68
115-->src\main\AndroidManifest.xml:272:25-66
116
117                <category android:name="android.intent.category.LAUNCHER" />
117-->src\main\AndroidManifest.xml:273:17-76
117-->src\main\AndroidManifest.xml:273:27-74
118            </intent-filter>
119        </activity-alias>
120        <activity-alias
120-->src\main\AndroidManifest.xml:420:9-431:26
121            android:name="com.simplemobiletools.contacts.pro.activities.SplashActivity.Yellow"
121-->src\main\AndroidManifest.xml:421:13-61
122            android:enabled="false"
122-->src\main\AndroidManifest.xml:422:13-36
123            android:icon="@mipmap/ic_launcher_yellow"
123-->src\main\AndroidManifest.xml:423:13-54
124            android:roundIcon="@mipmap/ic_launcher_yellow"
124-->src\main\AndroidManifest.xml:424:13-59
125            android:targetActivity="com.simplemobiletools.contacts.pro.activities.SplashActivity" >
125-->src\main\AndroidManifest.xml:425:13-64
126            <intent-filter>
126-->src\main\AndroidManifest.xml:271:13-274:29
127                <action android:name="android.intent.action.MAIN" />
127-->src\main\AndroidManifest.xml:272:17-68
127-->src\main\AndroidManifest.xml:272:25-66
128
129                <category android:name="android.intent.category.LAUNCHER" />
129-->src\main\AndroidManifest.xml:273:17-76
129-->src\main\AndroidManifest.xml:273:27-74
130            </intent-filter>
131        </activity-alias>
132        <activity-alias
132-->src\main\AndroidManifest.xml:407:9-418:26
133            android:name="com.simplemobiletools.contacts.pro.activities.SplashActivity.Lime"
133-->src\main\AndroidManifest.xml:408:13-59
134            android:enabled="false"
134-->src\main\AndroidManifest.xml:409:13-36
135            android:icon="@mipmap/ic_launcher_lime"
135-->src\main\AndroidManifest.xml:410:13-52
136            android:roundIcon="@mipmap/ic_launcher_lime"
136-->src\main\AndroidManifest.xml:411:13-57
137            android:targetActivity="com.simplemobiletools.contacts.pro.activities.SplashActivity" >
137-->src\main\AndroidManifest.xml:412:13-64
138            <intent-filter>
138-->src\main\AndroidManifest.xml:271:13-274:29
139                <action android:name="android.intent.action.MAIN" />
139-->src\main\AndroidManifest.xml:272:17-68
139-->src\main\AndroidManifest.xml:272:25-66
140
141                <category android:name="android.intent.category.LAUNCHER" />
141-->src\main\AndroidManifest.xml:273:17-76
141-->src\main\AndroidManifest.xml:273:27-74
142            </intent-filter>
143        </activity-alias>
144        <activity-alias
144-->src\main\AndroidManifest.xml:394:9-405:26
145            android:name="com.simplemobiletools.contacts.pro.activities.SplashActivity.Light_green"
145-->src\main\AndroidManifest.xml:395:13-66
146            android:enabled="false"
146-->src\main\AndroidManifest.xml:396:13-36
147            android:icon="@mipmap/ic_launcher_light_green"
147-->src\main\AndroidManifest.xml:397:13-59
148            android:roundIcon="@mipmap/ic_launcher_light_green"
148-->src\main\AndroidManifest.xml:398:13-64
149            android:targetActivity="com.simplemobiletools.contacts.pro.activities.SplashActivity" >
149-->src\main\AndroidManifest.xml:399:13-64
150            <intent-filter>
150-->src\main\AndroidManifest.xml:271:13-274:29
151                <action android:name="android.intent.action.MAIN" />
151-->src\main\AndroidManifest.xml:272:17-68
151-->src\main\AndroidManifest.xml:272:25-66
152
153                <category android:name="android.intent.category.LAUNCHER" />
153-->src\main\AndroidManifest.xml:273:17-76
153-->src\main\AndroidManifest.xml:273:27-74
154            </intent-filter>
155        </activity-alias>
156        <activity-alias
156-->src\main\AndroidManifest.xml:381:9-392:26
157            android:name="com.simplemobiletools.contacts.pro.activities.SplashActivity.Green"
157-->src\main\AndroidManifest.xml:382:13-60
158            android:enabled="false"
158-->src\main\AndroidManifest.xml:383:13-36
159            android:icon="@mipmap/ic_launcher_green"
159-->src\main\AndroidManifest.xml:384:13-53
160            android:roundIcon="@mipmap/ic_launcher_green"
160-->src\main\AndroidManifest.xml:385:13-58
161            android:targetActivity="com.simplemobiletools.contacts.pro.activities.SplashActivity" >
161-->src\main\AndroidManifest.xml:386:13-64
162            <intent-filter>
162-->src\main\AndroidManifest.xml:271:13-274:29
163                <action android:name="android.intent.action.MAIN" />
163-->src\main\AndroidManifest.xml:272:17-68
163-->src\main\AndroidManifest.xml:272:25-66
164
165                <category android:name="android.intent.category.LAUNCHER" />
165-->src\main\AndroidManifest.xml:273:17-76
165-->src\main\AndroidManifest.xml:273:27-74
166            </intent-filter>
167        </activity-alias>
168        <activity-alias
168-->src\main\AndroidManifest.xml:368:9-379:26
169            android:name="com.simplemobiletools.contacts.pro.activities.SplashActivity.Teal"
169-->src\main\AndroidManifest.xml:369:13-59
170            android:enabled="false"
170-->src\main\AndroidManifest.xml:370:13-36
171            android:icon="@mipmap/ic_launcher_teal"
171-->src\main\AndroidManifest.xml:371:13-52
172            android:roundIcon="@mipmap/ic_launcher_teal"
172-->src\main\AndroidManifest.xml:372:13-57
173            android:targetActivity="com.simplemobiletools.contacts.pro.activities.SplashActivity" >
173-->src\main\AndroidManifest.xml:373:13-64
174            <intent-filter>
174-->src\main\AndroidManifest.xml:271:13-274:29
175                <action android:name="android.intent.action.MAIN" />
175-->src\main\AndroidManifest.xml:272:17-68
175-->src\main\AndroidManifest.xml:272:25-66
176
177                <category android:name="android.intent.category.LAUNCHER" />
177-->src\main\AndroidManifest.xml:273:17-76
177-->src\main\AndroidManifest.xml:273:27-74
178            </intent-filter>
179        </activity-alias>
180        <activity-alias
180-->src\main\AndroidManifest.xml:355:9-366:26
181            android:name="com.simplemobiletools.contacts.pro.activities.SplashActivity.Cyan"
181-->src\main\AndroidManifest.xml:356:13-59
182            android:enabled="false"
182-->src\main\AndroidManifest.xml:357:13-36
183            android:icon="@mipmap/ic_launcher_cyan"
183-->src\main\AndroidManifest.xml:358:13-52
184            android:roundIcon="@mipmap/ic_launcher_cyan"
184-->src\main\AndroidManifest.xml:359:13-57
185            android:targetActivity="com.simplemobiletools.contacts.pro.activities.SplashActivity" >
185-->src\main\AndroidManifest.xml:360:13-64
186            <intent-filter>
186-->src\main\AndroidManifest.xml:271:13-274:29
187                <action android:name="android.intent.action.MAIN" />
187-->src\main\AndroidManifest.xml:272:17-68
187-->src\main\AndroidManifest.xml:272:25-66
188
189                <category android:name="android.intent.category.LAUNCHER" />
189-->src\main\AndroidManifest.xml:273:17-76
189-->src\main\AndroidManifest.xml:273:27-74
190            </intent-filter>
191        </activity-alias>
192        <activity-alias
192-->src\main\AndroidManifest.xml:342:9-353:26
193            android:name="com.simplemobiletools.contacts.pro.activities.SplashActivity.Light_blue"
193-->src\main\AndroidManifest.xml:343:13-65
194            android:enabled="false"
194-->src\main\AndroidManifest.xml:344:13-36
195            android:icon="@mipmap/ic_launcher_light_blue"
195-->src\main\AndroidManifest.xml:345:13-58
196            android:roundIcon="@mipmap/ic_launcher_light_blue"
196-->src\main\AndroidManifest.xml:346:13-63
197            android:targetActivity="com.simplemobiletools.contacts.pro.activities.SplashActivity" >
197-->src\main\AndroidManifest.xml:347:13-64
198            <intent-filter>
198-->src\main\AndroidManifest.xml:271:13-274:29
199                <action android:name="android.intent.action.MAIN" />
199-->src\main\AndroidManifest.xml:272:17-68
199-->src\main\AndroidManifest.xml:272:25-66
200
201                <category android:name="android.intent.category.LAUNCHER" />
201-->src\main\AndroidManifest.xml:273:17-76
201-->src\main\AndroidManifest.xml:273:27-74
202            </intent-filter>
203        </activity-alias>
204        <activity-alias
204-->src\main\AndroidManifest.xml:329:9-340:26
205            android:name="com.simplemobiletools.contacts.pro.activities.SplashActivity.Blue"
205-->src\main\AndroidManifest.xml:330:13-59
206            android:enabled="false"
206-->src\main\AndroidManifest.xml:331:13-36
207            android:icon="@mipmap/ic_launcher_blue"
207-->src\main\AndroidManifest.xml:332:13-52
208            android:roundIcon="@mipmap/ic_launcher_blue"
208-->src\main\AndroidManifest.xml:333:13-57
209            android:targetActivity="com.simplemobiletools.contacts.pro.activities.SplashActivity" >
209-->src\main\AndroidManifest.xml:334:13-64
210            <intent-filter>
210-->src\main\AndroidManifest.xml:271:13-274:29
211                <action android:name="android.intent.action.MAIN" />
211-->src\main\AndroidManifest.xml:272:17-68
211-->src\main\AndroidManifest.xml:272:25-66
212
213                <category android:name="android.intent.category.LAUNCHER" />
213-->src\main\AndroidManifest.xml:273:17-76
213-->src\main\AndroidManifest.xml:273:27-74
214            </intent-filter>
215        </activity-alias>
216        <activity-alias
216-->src\main\AndroidManifest.xml:316:9-327:26
217            android:name="com.simplemobiletools.contacts.pro.activities.SplashActivity.Indigo"
217-->src\main\AndroidManifest.xml:317:13-61
218            android:enabled="false"
218-->src\main\AndroidManifest.xml:318:13-36
219            android:icon="@mipmap/ic_launcher_indigo"
219-->src\main\AndroidManifest.xml:319:13-54
220            android:roundIcon="@mipmap/ic_launcher_indigo"
220-->src\main\AndroidManifest.xml:320:13-59
221            android:targetActivity="com.simplemobiletools.contacts.pro.activities.SplashActivity" >
221-->src\main\AndroidManifest.xml:321:13-64
222            <intent-filter>
222-->src\main\AndroidManifest.xml:271:13-274:29
223                <action android:name="android.intent.action.MAIN" />
223-->src\main\AndroidManifest.xml:272:17-68
223-->src\main\AndroidManifest.xml:272:25-66
224
225                <category android:name="android.intent.category.LAUNCHER" />
225-->src\main\AndroidManifest.xml:273:17-76
225-->src\main\AndroidManifest.xml:273:27-74
226            </intent-filter>
227        </activity-alias>
228        <activity-alias
228-->src\main\AndroidManifest.xml:303:9-314:26
229            android:name="com.simplemobiletools.contacts.pro.activities.SplashActivity.Deep_purple"
229-->src\main\AndroidManifest.xml:304:13-66
230            android:enabled="false"
230-->src\main\AndroidManifest.xml:305:13-36
231            android:icon="@mipmap/ic_launcher_deep_purple"
231-->src\main\AndroidManifest.xml:306:13-59
232            android:roundIcon="@mipmap/ic_launcher_deep_purple"
232-->src\main\AndroidManifest.xml:307:13-64
233            android:targetActivity="com.simplemobiletools.contacts.pro.activities.SplashActivity" >
233-->src\main\AndroidManifest.xml:308:13-64
234            <intent-filter>
234-->src\main\AndroidManifest.xml:271:13-274:29
235                <action android:name="android.intent.action.MAIN" />
235-->src\main\AndroidManifest.xml:272:17-68
235-->src\main\AndroidManifest.xml:272:25-66
236
237                <category android:name="android.intent.category.LAUNCHER" />
237-->src\main\AndroidManifest.xml:273:17-76
237-->src\main\AndroidManifest.xml:273:27-74
238            </intent-filter>
239        </activity-alias>
240        <activity-alias
240-->src\main\AndroidManifest.xml:290:9-301:26
241            android:name="com.simplemobiletools.contacts.pro.activities.SplashActivity.Purple"
241-->src\main\AndroidManifest.xml:291:13-61
242            android:enabled="false"
242-->src\main\AndroidManifest.xml:292:13-36
243            android:icon="@mipmap/ic_launcher_purple"
243-->src\main\AndroidManifest.xml:293:13-54
244            android:roundIcon="@mipmap/ic_launcher_purple"
244-->src\main\AndroidManifest.xml:294:13-59
245            android:targetActivity="com.simplemobiletools.contacts.pro.activities.SplashActivity" >
245-->src\main\AndroidManifest.xml:295:13-64
246            <intent-filter>
246-->src\main\AndroidManifest.xml:271:13-274:29
247                <action android:name="android.intent.action.MAIN" />
247-->src\main\AndroidManifest.xml:272:17-68
247-->src\main\AndroidManifest.xml:272:25-66
248
249                <category android:name="android.intent.category.LAUNCHER" />
249-->src\main\AndroidManifest.xml:273:17-76
249-->src\main\AndroidManifest.xml:273:27-74
250            </intent-filter>
251        </activity-alias>
252        <activity-alias
252-->src\main\AndroidManifest.xml:277:9-288:26
253            android:name="com.simplemobiletools.contacts.pro.activities.SplashActivity.Pink"
253-->src\main\AndroidManifest.xml:278:13-59
254            android:enabled="false"
254-->src\main\AndroidManifest.xml:279:13-36
255            android:icon="@mipmap/ic_launcher_pink"
255-->src\main\AndroidManifest.xml:280:13-52
256            android:roundIcon="@mipmap/ic_launcher_pink"
256-->src\main\AndroidManifest.xml:281:13-57
257            android:targetActivity="com.simplemobiletools.contacts.pro.activities.SplashActivity" >
257-->src\main\AndroidManifest.xml:282:13-64
258            <intent-filter>
258-->src\main\AndroidManifest.xml:271:13-274:29
259                <action android:name="android.intent.action.MAIN" />
259-->src\main\AndroidManifest.xml:272:17-68
259-->src\main\AndroidManifest.xml:272:25-66
260
261                <category android:name="android.intent.category.LAUNCHER" />
261-->src\main\AndroidManifest.xml:273:17-76
261-->src\main\AndroidManifest.xml:273:27-74
262            </intent-filter>
263        </activity-alias>
264        <activity-alias
264-->src\main\AndroidManifest.xml:264:9-275:26
265            android:name="com.simplemobiletools.contacts.pro.activities.SplashActivity.Red"
265-->src\main\AndroidManifest.xml:265:13-58
266            android:enabled="false"
266-->src\main\AndroidManifest.xml:266:13-36
267            android:icon="@mipmap/ic_launcher_red"
267-->src\main\AndroidManifest.xml:267:13-51
268            android:roundIcon="@mipmap/ic_launcher_red"
268-->src\main\AndroidManifest.xml:268:13-56
269            android:targetActivity="com.simplemobiletools.contacts.pro.activities.SplashActivity" >
269-->src\main\AndroidManifest.xml:269:13-64
270            <intent-filter>
270-->src\main\AndroidManifest.xml:271:13-274:29
271                <action android:name="android.intent.action.MAIN" />
271-->src\main\AndroidManifest.xml:272:17-68
271-->src\main\AndroidManifest.xml:272:25-66
272
273                <category android:name="android.intent.category.LAUNCHER" />
273-->src\main\AndroidManifest.xml:273:17-76
273-->src\main\AndroidManifest.xml:273:27-74
274            </intent-filter>
275        </activity-alias>
276
277        <activity android:name="com.simplemobiletools.contacts.pro.activities.MainActivity" >
277-->src\main\AndroidManifest.xml:41:9-60:20
277-->src\main\AndroidManifest.xml:42:13-52
278            <meta-data
278-->src\main\AndroidManifest.xml:43:13-45:53
279                android:name="android.app.default_searchable"
279-->src\main\AndroidManifest.xml:44:17-62
280                android:resource="@xml/searchable" />
280-->src\main\AndroidManifest.xml:45:17-51
281
282            <intent-filter>
282-->src\main\AndroidManifest.xml:47:13-49:29
283                <action android:name="android.intent.action.SEARCH" />
283-->src\main\AndroidManifest.xml:48:17-70
283-->src\main\AndroidManifest.xml:48:25-68
284            </intent-filter>
285            <intent-filter>
285-->src\main\AndroidManifest.xml:51:13-59:29
286                <action android:name="android.intent.action.VIEW" />
286-->src\main\AndroidManifest.xml:52:17-68
286-->src\main\AndroidManifest.xml:52:25-66
287
288                <data android:mimeType="text/directory" />
288-->src\main\AndroidManifest.xml:54:17-58
288-->src\main\AndroidManifest.xml:54:23-56
289                <data android:mimeType="text/vcard" />
289-->src\main\AndroidManifest.xml:54:17-58
289-->src\main\AndroidManifest.xml:54:23-56
290                <data android:mimeType="text/x-vcard" />
290-->src\main\AndroidManifest.xml:54:17-58
290-->src\main\AndroidManifest.xml:54:23-56
291
292                <category android:name="android.intent.category.DEFAULT" />
292-->src\main\AndroidManifest.xml:58:17-75
292-->src\main\AndroidManifest.xml:58:27-73
293            </intent-filter>
294        </activity>
295        <activity
295-->src\main\AndroidManifest.xml:62:9-65:68
296            android:name="com.simplemobiletools.contacts.pro.activities.SettingsActivity"
296-->src\main\AndroidManifest.xml:63:13-56
297            android:label="@string/settings"
297-->src\main\AndroidManifest.xml:64:13-45
298            android:parentActivityName="com.simplemobiletools.contacts.pro.activities.MainActivity" />
298-->src\main\AndroidManifest.xml:65:13-66
299        <activity
299-->src\main\AndroidManifest.xml:67:9-69:68
300            android:name="com.simplemobiletools.contacts.pro.activities.GroupContactsActivity"
300-->src\main\AndroidManifest.xml:68:13-61
301            android:parentActivityName="com.simplemobiletools.contacts.pro.activities.MainActivity" />
301-->src\main\AndroidManifest.xml:69:13-66
302        <activity
302-->src\main\AndroidManifest.xml:71:9-103:20
303            android:name="com.simplemobiletools.contacts.pro.activities.ViewContactActivity"
303-->src\main\AndroidManifest.xml:72:13-59
304            android:label="@string/details"
304-->src\main\AndroidManifest.xml:73:13-44
305            android:parentActivityName="com.simplemobiletools.contacts.pro.activities.MainActivity" >
305-->src\main\AndroidManifest.xml:74:13-66
306            <intent-filter>
306-->src\main\AndroidManifest.xml:76:13-83:29
307                <action android:name="android.intent.action.VIEW" />
307-->src\main\AndroidManifest.xml:52:17-68
307-->src\main\AndroidManifest.xml:52:25-66
308
309                <category android:name="android.intent.category.DEFAULT" />
309-->src\main\AndroidManifest.xml:58:17-75
309-->src\main\AndroidManifest.xml:58:27-73
310
311                <data android:mimeType="vnd.android.cursor.dir/person" />
311-->src\main\AndroidManifest.xml:54:17-58
311-->src\main\AndroidManifest.xml:54:23-56
312                <data android:mimeType="vnd.android.cursor.dir/contact" />
312-->src\main\AndroidManifest.xml:54:17-58
312-->src\main\AndroidManifest.xml:54:23-56
313                <data android:mimeType="vnd.android.cursor.item/group" />
313-->src\main\AndroidManifest.xml:54:17-58
313-->src\main\AndroidManifest.xml:54:23-56
314            </intent-filter>
315            <intent-filter>
315-->src\main\AndroidManifest.xml:85:13-92:29
316                <action android:name="android.intent.action.VIEW" />
316-->src\main\AndroidManifest.xml:52:17-68
316-->src\main\AndroidManifest.xml:52:25-66
317
318                <category android:name="android.intent.category.DEFAULT" />
318-->src\main\AndroidManifest.xml:58:17-75